<?xml version="1.0" encoding="UTF-8"?>
<!-- Generated by org.testng.reporters.JUnitReportReporter -->
<testsuite hostname="LAPTOP-E1DDN2N8" failures="0" tests="1" name="com.qa.testscripts.TC_AmazonSearch_001" time="9.318" errors="0" timestamp="2022-11-02T09:15:25 IST" skipped="0">
  <testcase classname="com.qa.testscripts.TC_AmazonSearch_001" name="Search" time="9.318"/>
  <system-out/>
</testsuite> <!-- com.qa.testscripts.TC_AmazonSearch_001 -->
