<?xml version="1.0" encoding="UTF-8"?>
<!-- Generated by org.testng.reporters.JUnitReportReporter -->
<testsuite hostname="LAPTOP-E1DDN2N8" failures="0" tests="1" name="com.qa.testscripts.TC_Amazon_003" time="7.290" errors="0" timestamp="2022-12-10T09:31:26 IST" skipped="0">
  <testcase classname="com.qa.testscripts.TC_Amazon_003" name="Search" time="7.290"/>
  <system-out/>
</testsuite> <!-- com.qa.testscripts.TC_Amazon_003 -->
