<?xml version="1.0" encoding="UTF-8"?>
<!-- Generated by org.testng.reporters.JUnitReportReporter -->
<testsuite hostname="LAPTOP-E1DDN2N8" failures="0" tests="1" name="com.qa.testscripts.TC_AmazonSignIn" time="32.356" errors="0" timestamp="2022-11-01T12:50:11 IST" skipped="0">
  <testcase classname="com.qa.testscripts.TC_AmazonSignIn" name="Signin" time="32.356"/>
  <system-out/>
</testsuite> <!-- com.qa.testscripts.TC_AmazonSignIn -->
